<?xml version="1.0" encoding="UTF-8"?>
<!-- Generated by org.testng.reporters.JUnitReportReporter -->
<testsuite hostname="SPT-LPT-0167" name="exsample.NewTest" tests="1" failures="0" timestamp="9 Feb 2016 07:36:19 GMT" time="8.550" errors="0">
  <testcase name="testEasy" time="8.550" classname="exsample.NewTest"/>
</testsuite> <!-- exsample.NewTest -->
